<?xml version="1.0" encoding="UTF-8"?>
<!-- Generated by org.testng.reporters.JUnitXMLReporter -->
<testsuite hostname="Sony-PC" ignored="0" name="Regression suite" tests="5" failures="1" timestamp="12 May 2017 16:13:02 GMT" time="0.107" errors="0">
  <testcase name="getReports" time="0.033" classname="com.suites.regression.Testingannotations1"/>
  <testcase name="Logintoapplication" time="0.006" classname="com.suites.regression.Testngannotations">
    <failure type="java.lang.AssertionError" message="expected [true] but found [false]">
      <![CDATA[java.lang.AssertionError: expected [true] but found [false]
	at com.suites.regression.Testngannotations.Logintoapplication(Testngannotations.java:49)
... Removed 29 stack frames]]>
    </failure>
  </testcase> <!-- Logintoapplication -->
  <testcase name="adduser" time="0.0" classname="com.suites.regression.Testngannotations">
    <skipped/>
  </testcase> <!-- adduser -->
  <testcase name="listuser" time="0.0" classname="com.suites.regression.Testngannotations">
    <skipped/>
  </testcase> <!-- listuser -->
  <testcase name="logout" time="0.0" classname="com.suites.regression.Testngannotations">
    <skipped/>
  </testcase> <!-- logout -->
</testsuite> <!-- Regression suite -->
