<?xml version="1.0" encoding="UTF-8"?>
<testng-results skipped="0" failed="0" ignored="0" total="1" passed="1">
  <reporter-output>
  </reporter-output>
  <suite name="Suite" duration-ms="28955" started-at="2017-06-03T04:06:50Z" finished-at="2017-06-03T04:07:19Z">
    <groups>
    </groups>
    <test name="Test" duration-ms="28955" started-at="2017-06-03T04:06:50Z" finished-at="2017-06-03T04:07:19Z">
      <class name="com.selenium.tests.Mytest">
        <test-method status="PASS" signature="testBrowser()[pri:0, instance:com.selenium.tests.Mytest@198378d]" name="testBrowser" duration-ms="28891" started-at="2017-06-03T09:36:50Z" finished-at="2017-06-03T09:37:19Z">
          <reporter-output>
          </reporter-output>
        </test-method> <!-- testBrowser -->
      </class> <!-- com.selenium.tests.Mytest -->
    </test> <!-- Test -->
  </suite> <!-- Suite -->
</testng-results>
