<?xml version="1.0" encoding="UTF-8"?>
<!-- Generated by org.testng.reporters.JUnitXMLReporter -->
<testsuite hostname="Sony-PC" ignored="0" name="Regression suite 1" tests="5" failures="0" timestamp="07 May 2017 04:51:07 GMT" time="0.108" errors="0">
  <testcase name="getReports" time="0.022" classname="com.suites.regression.Testingannotations1"/>
  <testcase name="Logintoapplication" time="0.006" classname="com.suites.regression.Testngannotations"/>
  <testcase name="adduser" time="0.002" classname="com.suites.regression.Testngannotations"/>
  <testcase name="listuser" time="0.005" classname="com.suites.regression.Testngannotations"/>
  <testcase name="logout" time="0.003" classname="com.suites.regression.Testngannotations"/>
</testsuite> <!-- Regression suite 1 -->
